{"F:\\Projetos-RN\\swuniverse\\src\\screens\\CharacterList\\index.tsx": {"path":"F:\\Projetos-RN\\swuniverse\\src\\screens\\CharacterList\\index.tsx","statementMap":{"0":{"start":{"line":31,"column":22},"end":{"line":106,"column":1}},"1":{"start":{"line":32,"column":46},"end":{"line":32,"column":72}},"2":{"start":{"line":33,"column":36},"end":{"line":33,"column":47}},"3":{"start":{"line":34,"column":26},"end":{"line":34,"column":37}},"4":{"start":{"line":35,"column":32},"end":{"line":35,"column":47}},"5":{"start":{"line":36,"column":21},"end":{"line":36,"column":36}},"6":{"start":{"line":38,"column":25},"end":{"line":61,"column":3}},"7":{"start":{"line":40,"column":6},"end":{"line":42,"column":7}},"8":{"start":{"line":41,"column":8},"end":{"line":41,"column":15}},"9":{"start":{"line":43,"column":6},"end":{"line":43,"column":23}},"10":{"start":{"line":45,"column":21},"end":{"line":47,"column":7}},"11":{"start":{"line":49,"column":6},"end":{"line":49,"column":55}},"12":{"start":{"line":51,"column":6},"end":{"line":55,"column":7}},"13":{"start":{"line":52,"column":8},"end":{"line":52,"column":64}},"14":{"start":{"line":53,"column":8},"end":{"line":53,"column":26}},"15":{"start":{"line":54,"column":8},"end":{"line":54,"column":33}},"16":{"start":{"line":57,"column":6},"end":{"line":57,"column":38}},"17":{"start":{"line":58,"column":6},"end":{"line":58,"column":24}},"18":{"start":{"line":63,"column":2},"end":{"line":66,"column":9}},"19":{"start":{"line":64,"column":4},"end":{"line":64,"column":22}},"20":{"start":{"line":68,"column":27},"end":{"line":85,"column":3}},"21":{"start":{"line":69,"column":4},"end":{"line":84,"column":17}},"22":{"start":{"line":71,"column":21},"end":{"line":71,"column":56}},"23":{"start":{"line":87,"column":2},"end":{"line":105,"column":4}},"24":{"start":{"line":99,"column":37},"end":{"line":99,"column":50}},"25":{"start":{"line":101,"column":28},"end":{"line":101,"column":48}}},"fnMap":{"0":{"name":"(anonymous_0)","decl":{"start":{"line":31,"column":22},"end":{"line":31,"column":23}},"loc":{"start":{"line":31,"column":28},"end":{"line":106,"column":1}},"line":31},"1":{"name":"(anonymous_1)","decl":{"start":{"line":39,"column":4},"end":{"line":39,"column":5}},"loc":{"start":{"line":39,"column":34},"end":{"line":59,"column":5}},"line":39},"2":{"name":"(anonymous_2)","decl":{"start":{"line":63,"column":12},"end":{"line":63,"column":13}},"loc":{"start":{"line":63,"column":18},"end":{"line":66,"column":3}},"line":63},"3":{"name":"(anonymous_3)","decl":{"start":{"line":68,"column":27},"end":{"line":68,"column":28}},"loc":{"start":{"line":69,"column":4},"end":{"line":84,"column":17}},"line":69},"4":{"name":"(anonymous_4)","decl":{"start":{"line":71,"column":15},"end":{"line":71,"column":16}},"loc":{"start":{"line":71,"column":21},"end":{"line":71,"column":56}},"line":71},"5":{"name":"(anonymous_5)","decl":{"start":{"line":99,"column":22},"end":{"line":99,"column":23}},"loc":{"start":{"line":99,"column":37},"end":{"line":99,"column":50}},"line":99},"6":{"name":"(anonymous_6)","decl":{"start":{"line":101,"column":22},"end":{"line":101,"column":23}},"loc":{"start":{"line":101,"column":28},"end":{"line":101,"column":48}},"line":101}},"branchMap":{"0":{"loc":{"start":{"line":40,"column":6},"end":{"line":42,"column":7}},"type":"if","locations":[{"start":{"line":40,"column":6},"end":{"line":42,"column":7}},{"start":{"line":40,"column":6},"end":{"line":42,"column":7}}],"line":40},"1":{"loc":{"start":{"line":40,"column":10},"end":{"line":40,"column":45}},"type":"binary-expr","locations":[{"start":{"line":40,"column":10},"end":{"line":40,"column":19}},{"start":{"line":40,"column":23},"end":{"line":40,"column":45}}],"line":40},"2":{"loc":{"start":{"line":51,"column":6},"end":{"line":55,"column":7}},"type":"if","locations":[{"start":{"line":51,"column":6},"end":{"line":55,"column":7}},{"start":{"line":51,"column":6},"end":{"line":55,"column":7}}],"line":51},"3":{"loc":{"start":{"line":77,"column":7},"end":{"line":83,"column":7}},"type":"cond-expr","locations":[{"start":{"line":78,"column":8},"end":{"line":78,"column":55}},{"start":{"line":79,"column":10},"end":{"line":83,"column":7}}],"line":77},"4":{"loc":{"start":{"line":79,"column":10},"end":{"line":83,"column":7}},"type":"cond-expr","locations":[{"start":{"line":80,"column":8},"end":{"line":80,"column":57}},{"start":{"line":82,"column":8},"end":{"line":82,"column":16}}],"line":79},"5":{"loc":{"start":{"line":91,"column":7},"end":{"line":95,"column":14}},"type":"cond-expr","locations":[{"start":{"line":92,"column":8},"end":{"line":94,"column":24}},{"start":{"line":95,"column":10},"end":{"line":95,"column":14}}],"line":91}},"s":{"0":1,"1":2,"2":2,"3":2,"4":2,"5":2,"6":2,"7":1,"8":0,"9":1,"10":1,"11":0,"12":0,"13":0,"14":0,"15":0,"16":0,"17":0,"18":2,"19":1,"20":2,"21":0,"22":0,"23":2,"24":0,"25":0},"f":{"0":2,"1":1,"2":1,"3":0,"4":0,"5":0,"6":0},"b":{"0":[0,1],"1":[1,0],"2":[0,0],"3":[0,0],"4":[0,0],"5":[1,1]},"_coverageSchema":"1a1c01bbd47fc00a2c39e90264f33305004495a9","hash":"aa121da8cf9ab26825362c0ee18f6e153c87f270"}
,"F:\\Projetos-RN\\swuniverse\\src\\screens\\Home\\index.tsx": {"path":"F:\\Projetos-RN\\swuniverse\\src\\screens\\Home\\index.tsx","statementMap":{"0":{"start":{"line":7,"column":13},"end":{"line":63,"column":1}},"1":{"start":{"line":8,"column":21},"end":{"line":8,"column":36}},"2":{"start":{"line":10,"column":23},"end":{"line":20,"column":3}},"3":{"start":{"line":11,"column":4},"end":{"line":19,"column":6}},"4":{"start":{"line":22,"column":2},"end":{"line":62,"column":4}},"5":{"start":{"line":30,"column":33},"end":{"line":30,"column":58}}},"fnMap":{"0":{"name":"(anonymous_0)","decl":{"start":{"line":7,"column":13},"end":{"line":7,"column":14}},"loc":{"start":{"line":7,"column":19},"end":{"line":63,"column":1}},"line":7},"1":{"name":"(anonymous_1)","decl":{"start":{"line":10,"column":23},"end":{"line":10,"column":24}},"loc":{"start":{"line":10,"column":29},"end":{"line":20,"column":3}},"line":10},"2":{"name":"(anonymous_2)","decl":{"start":{"line":30,"column":27},"end":{"line":30,"column":28}},"loc":{"start":{"line":30,"column":33},"end":{"line":30,"column":58}},"line":30}},"branchMap":{},"s":{"0":1,"1":2,"2":2,"3":1,"4":2,"5":1},"f":{"0":2,"1":1,"2":1},"b":{},"_coverageSchema":"1a1c01bbd47fc00a2c39e90264f33305004495a9","hash":"dde6ca156f3585ca41962ce587276ef6f49fb717"}
,"F:\\Projetos-RN\\swuniverse\\src\\screens\\SelectedCharacter\\index.tsx": {"path":"F:\\Projetos-RN\\swuniverse\\src\\screens\\SelectedCharacter\\index.tsx","statementMap":{"0":{"start":{"line":16,"column":26},"end":{"line":99,"column":1}},"1":{"start":{"line":17,"column":19},"end":{"line":17,"column":59}},"2":{"start":{"line":18,"column":23},"end":{"line":18,"column":38}},"3":{"start":{"line":28,"column":6},"end":{"line":28,"column":12}},"4":{"start":{"line":30,"column":2},"end":{"line":32,"column":25}},"5":{"start":{"line":31,"column":4},"end":{"line":31,"column":30}},"6":{"start":{"line":34,"column":2},"end":{"line":98,"column":4}}},"fnMap":{"0":{"name":"(anonymous_0)","decl":{"start":{"line":16,"column":26},"end":{"line":16,"column":27}},"loc":{"start":{"line":16,"column":32},"end":{"line":99,"column":1}},"line":16},"1":{"name":"(anonymous_1)","decl":{"start":{"line":30,"column":12},"end":{"line":30,"column":13}},"loc":{"start":{"line":30,"column":18},"end":{"line":32,"column":3}},"line":30}},"branchMap":{},"s":{"0":1,"1":1,"2":1,"3":1,"4":1,"5":1,"6":1},"f":{"0":1,"1":1},"b":{},"_coverageSchema":"1a1c01bbd47fc00a2c39e90264f33305004495a9","hash":"4e1adce15283cc3dbad0a7407735cb9400b3ea64"}
}
