TN:
SF:src\screens\CharacterList\index.tsx
FN:31,(anonymous_0)
FN:39,(anonymous_1)
FN:63,(anonymous_2)
FN:68,(anonymous_3)
FN:71,(anonymous_4)
FN:99,(anonymous_5)
FN:101,(anonymous_6)
FNF:7
FNH:3
FNDA:2,(anonymous_0)
FNDA:1,(anonymous_1)
FNDA:1,(anonymous_2)
FNDA:0,(anonymous_3)
FNDA:0,(anonymous_4)
FNDA:0,(anonymous_5)
FNDA:0,(anonymous_6)
DA:31,1
DA:32,2
DA:33,2
DA:34,2
DA:35,2
DA:36,2
DA:38,2
DA:40,1
DA:41,0
DA:43,1
DA:45,1
DA:49,0
DA:51,0
DA:52,0
DA:53,0
DA:54,0
DA:57,0
DA:58,0
DA:63,2
DA:64,1
DA:68,2
DA:69,0
DA:71,0
DA:87,2
DA:99,0
DA:101,0
LF:26
LH:14
BRDA:40,0,0,0
BRDA:40,0,1,1
BRDA:40,1,0,1
BRDA:40,1,1,0
BRDA:51,2,0,0
BRDA:51,2,1,0
BRDA:77,3,0,0
BRDA:77,3,1,0
BRDA:79,4,0,0
BRDA:79,4,1,0
BRDA:91,5,0,1
BRDA:91,5,1,1
BRF:12
BRH:4
end_of_record
TN:
SF:src\screens\Home\index.tsx
FN:7,(anonymous_0)
FN:10,(anonymous_1)
FN:30,(anonymous_2)
FNF:3
FNH:3
FNDA:2,(anonymous_0)
FNDA:1,(anonymous_1)
FNDA:1,(anonymous_2)
DA:7,1
DA:8,2
DA:10,2
DA:11,1
DA:22,2
DA:30,1
LF:6
LH:6
BRF:0
BRH:0
end_of_record
TN:
SF:src\screens\SelectedCharacter\index.tsx
FN:16,(anonymous_0)
FN:30,(anonymous_1)
FNF:2
FNH:2
FNDA:1,(anonymous_0)
FNDA:1,(anonymous_1)
DA:16,1
DA:17,1
DA:18,1
DA:28,1
DA:30,1
DA:31,1
DA:34,1
LF:7
LH:7
BRF:0
BRH:0
end_of_record
